# kubectl logs -n lab9-audit deployment/juice-hardened
Defaulted container "juice" out of: juice, seed-juice-writable-paths (init)
info: Detected Node.js version v22.18.0 (OK)
info: Detected OS linux (OK)
info: Detected CPU arm64 (OK)
info: Configuration default validated (OK)
info: Entity models 20 of 20 are initialized (OK)
info: Required file server.js is present (OK)
info: Required file index.html is present (OK)
info: Required file main.js is present (OK)
info: Required file styles.css is present (OK)
info: Required file tutorial.js is present (OK)
info: Required file runtime.js is present (OK)
info: Required file vendor.js is present (OK)
info: Port 3000 is available (OK)
info: Domain https://www.alchemy.com/ is reachable (OK)
info: Chatbot training data botDefaultTrainingData.json validated (OK)
info: Server listening on port 3000

# kubectl exec -n lab9-audit juice-hardened-688f66c99d-mtxx7 -- /nodejs/bin/node -e '<hardening probe>'
uid=65532 gid=65532
tmp:WRITE_OK
etc:ERR:EROFS
pkg:ERR:EROFS
server:ERR:EROFS
data:WRITE_OK
logs:WRITE_OK
csaf:WRITE_OK
frontend:WRITE_OK
sa_token=false
